<?xml version="1.0" encoding="UTF-8"?>
<testng-results skipped="0" failed="0" ignored="0" total="1" passed="1">
  <reporter-output>
  </reporter-output>
  <suite name="Default suite" duration-ms="3850" started-at="2019-07-25T22:27:18Z" finished-at="2019-07-25T22:27:21Z">
    <groups>
    </groups>
    <test name="Default test" duration-ms="3850" started-at="2019-07-25T22:27:18Z" finished-at="2019-07-25T22:27:21Z">
      <class name="com.ip.RestAssuredFramework.AssuredGet">
        <test-method status="PASS" signature="get()[pri:0, instance:com.ip.RestAssuredFramework.AssuredGet@29ee9faa]" name="get" duration-ms="3784" started-at="2019-07-25T22:27:18Z" finished-at="2019-07-25T22:27:21Z">
          <reporter-output>
          </reporter-output>
        </test-method> <!-- get -->
      </class> <!-- com.ip.RestAssuredFramework.AssuredGet -->
    </test> <!-- Default test -->
  </suite> <!-- Default suite -->
</testng-results>
